2026-01-16 02:03:00,772 - [INFO] - [SYSTEM] Game Engine Initializing...
2026-01-16 02:03:00,807 - [INFO] - [SYSTEM] Engine Loop Started
2026-01-16 02:03:03,773 - [INFO] - [PLAY] Entering PlayState...
2026-01-16 02:03:03,794 - [INFO] - [PLAYER] Initialized at (1504, 1472) Role: CITIZEN
2026-01-16 02:03:03,794 - [INFO] - [PLAYER] Role changed to MAFIA (None)
2026-01-16 02:03:03,797 - [INFO] - [GAME] Weather set to: FOG
2026-01-16 02:03:07,325 - [DEBUG] - [INPUT] E Key Pressed
2026-01-16 02:03:07,442 - [DEBUG] - [INPUT] E Key Released (Hold: 116ms) Target: (53, 45)
2026-01-16 02:03:07,452 - [INFO] - [PLAYER] Interact with 8321006 at (53, 45) Mode: short
2026-01-16 02:03:10,503 - [DEBUG] - [INPUT] E Key Pressed
2026-01-16 02:03:10,653 - [DEBUG] - [INPUT] E Key Released (Hold: 150ms) Target: (53, 45)
2026-01-16 02:03:10,653 - [INFO] - [PLAYER] Interact with 8321006 at (53, 45) Mode: short
2026-01-16 02:03:11,257 - [DEBUG] - [INPUT] E Key Pressed
2026-01-16 02:03:11,358 - [DEBUG] - [INPUT] E Key Released (Hold: 100ms) Target: (53, 45)
2026-01-16 02:03:11,358 - [INFO] - [PLAYER] Interact with 8321006 at (53, 45) Mode: short
2026-01-16 02:03:11,642 - [DEBUG] - [INPUT] E Key Pressed
2026-01-16 02:03:11,724 - [DEBUG] - [INPUT] E Key Released (Hold: 81ms) Target: (53, 45)
2026-01-16 02:03:11,724 - [INFO] - [PLAYER] Interact with 8321006 at (53, 45) Mode: short
2026-01-16 02:03:11,857 - [DEBUG] - [INPUT] E Key Pressed
2026-01-16 02:03:11,941 - [DEBUG] - [INPUT] E Key Released (Hold: 84ms) Target: (53, 45)
2026-01-16 02:03:11,941 - [INFO] - [PLAYER] Interact with 8321006 at (53, 45) Mode: short
2026-01-16 02:03:12,059 - [DEBUG] - [INPUT] E Key Pressed
2026-01-16 02:03:12,141 - [DEBUG] - [INPUT] E Key Released (Hold: 82ms) Target: (53, 45)
2026-01-16 02:03:12,141 - [INFO] - [PLAYER] Interact with 8321006 at (53, 45) Mode: short
2026-01-16 02:03:12,256 - [DEBUG] - [INPUT] E Key Pressed
2026-01-16 02:03:12,341 - [DEBUG] - [INPUT] E Key Released (Hold: 84ms) Target: (53, 45)
2026-01-16 02:03:12,341 - [INFO] - [PLAYER] Interact with 8321006 at (53, 45) Mode: short
2026-01-16 02:03:12,440 - [DEBUG] - [INPUT] E Key Pressed
2026-01-16 02:03:12,536 - [DEBUG] - [INPUT] E Key Released (Hold: 96ms) Target: (53, 45)
2026-01-16 02:03:12,537 - [INFO] - [PLAYER] Interact with 8321006 at (53, 45) Mode: short
2026-01-16 02:03:12,652 - [DEBUG] - [INPUT] E Key Pressed
2026-01-16 02:03:12,752 - [DEBUG] - [INPUT] E Key Released (Hold: 100ms) Target: (53, 45)
2026-01-16 02:03:12,753 - [INFO] - [PLAYER] Interact with 8321006 at (53, 45) Mode: short
2026-01-16 02:03:12,847 - [DEBUG] - [INPUT] E Key Pressed
2026-01-16 02:03:12,996 - [DEBUG] - [INPUT] E Key Released (Hold: 147ms) Target: (53, 45)
2026-01-16 02:03:12,996 - [INFO] - [PLAYER] Interact with 8321006 at (53, 45) Mode: short
2026-01-16 02:03:23,593 - [INFO] - [PLAYER] Morning Process Complete
2026-01-16 02:03:43,316 - [DEBUG] - [INPUT] E Key Pressed
2026-01-16 02:03:43,430 - [DEBUG] - [INPUT] E Key Released (Hold: 117ms) Target: (56, 96)
2026-01-16 02:03:43,442 - [INFO] - [PLAYER] Interact with 5321206 at (56, 96) Mode: short
2026-01-16 02:03:49,930 - [DEBUG] - [PLAYER] Device toggled: True
2026-01-16 02:03:51,274 - [DEBUG] - [PLAYER] Device toggled: False
2026-01-16 02:03:56,043 - [INFO] - [SYSTEM] Engine Shutting Down
