2026-01-16 02:03:57,770 - [INFO] - [SYSTEM] Game Engine Initializing...
2026-01-16 02:03:57,786 - [INFO] - [SYSTEM] Engine Loop Started
2026-01-16 02:04:06,718 - [INFO] - [PLAY] Entering PlayState...
2026-01-16 02:04:06,739 - [INFO] - [PLAYER] Initialized at (1504, 1664) Role: CITIZEN
2026-01-16 02:04:06,739 - [INFO] - [PLAYER] Role changed to POLICE (None)
2026-01-16 02:04:06,745 - [INFO] - [GAME] Weather set to: FOG
2026-01-16 02:04:08,916 - [DEBUG] - [PLAYER] Device toggled: True
2026-01-16 02:04:11,573 - [INFO] - [GAME] Siren Triggered! 1 Mafias frozen.
2026-01-16 02:04:15,799 - [DEBUG] - [PLAYER] Device toggled: False
2026-01-16 02:04:16,422 - [DEBUG] - [PLAYER] Device toggled: True
2026-01-16 02:04:16,571 - [INFO] - [PLAYER] Morning Process Complete
2026-01-16 02:04:19,473 - [DEBUG] - [PLAYER] Device toggled: False
2026-01-16 02:04:19,872 - [DEBUG] - [PLAYER] Device toggled: True
2026-01-16 02:04:21,643 - [DEBUG] - [PLAYER] Device toggled: False
2026-01-16 02:04:22,007 - [DEBUG] - [PLAYER] Device toggled: True
2026-01-16 02:04:22,457 - [DEBUG] - [PLAYER] Device toggled: False
2026-01-16 02:04:27,057 - [DEBUG] - [INPUT] E Key Pressed
2026-01-16 02:04:28,186 - [DEBUG] - [INPUT] E Key Released (Hold: 1128ms) Target: (44, 31)
2026-01-16 02:04:28,186 - [INFO] - [PLAYER] Interact with 5323024 at (44, 31) Mode: long
2026-01-16 02:04:37,340 - [DEBUG] - [INPUT] E Key Pressed
2026-01-16 02:04:37,503 - [DEBUG] - [INPUT] E Key Released (Hold: 163ms) Target: (43, 26)
2026-01-16 02:04:37,503 - [INFO] - [PLAYER] Interact with 5321206 at (43, 26) Mode: short
2026-01-16 02:04:44,668 - [DEBUG] - [INPUT] E Key Pressed
2026-01-16 02:04:44,785 - [DEBUG] - [INPUT] E Key Released (Hold: 116ms) Target: (72, 20)
2026-01-16 02:04:44,786 - [INFO] - [PLAYER] Interact with 5321009 at (72, 20) Mode: short
2026-01-16 02:04:47,709 - [DEBUG] - [INPUT] E Key Pressed
2026-01-16 02:04:47,848 - [DEBUG] - [INPUT] E Key Released (Hold: 140ms) Target: (65, 21)
2026-01-16 02:04:47,848 - [INFO] - [PLAYER] Interact with 5321025 at (65, 21) Mode: short
2026-01-16 02:04:48,465 - [DEBUG] - [INPUT] E Key Pressed
2026-01-16 02:04:49,939 - [DEBUG] - [INPUT] E Key Released (Hold: 1473ms) Target: (65, 21)
2026-01-16 02:04:49,940 - [INFO] - [PLAYER] Interact with 5321025 at (65, 21) Mode: long
2026-01-16 02:04:52,631 - [DEBUG] - [PLAYER] Device toggled: True
2026-01-16 02:04:52,907 - [DEBUG] - [PLAYER] Device toggled: False
2026-01-16 02:04:53,231 - [DEBUG] - [PLAYER] Device toggled: True
2026-01-16 02:04:53,728 - [DEBUG] - [PLAYER] Device toggled: False
2026-01-16 02:05:03,255 - [DEBUG] - [INPUT] E Key Pressed
2026-01-16 02:05:03,369 - [DEBUG] - [INPUT] E Key Released (Hold: 115ms) Target: (72, 20)
2026-01-16 02:05:03,369 - [INFO] - [PLAYER] Interact with 5321009 at (72, 20) Mode: short
2026-01-16 02:05:30,699 - [DEBUG] - [PLAYER] Device toggled: True
2026-01-16 02:05:40,052 - [INFO] - [GAME] Siren Triggered! 1 Mafias frozen.
2026-01-16 02:06:16,642 - [INFO] - [PLAYER] Morning Process Complete
2026-01-16 02:06:27,641 - [INFO] - [SYSTEM] Engine Shutting Down
